<?xml version="1.0" encoding="UTF-8"?>
<!-- Generated by org.testng.reporters.JUnitXMLReporter -->
<testsuite ignored="0" hostname="DESKTOP-3SH16SJ" failures="0" tests="2" name="Test" time="30.404" errors="0" timestamp="2023-01-22T20:08:58 GMT">
  <testcase classname="DevOpsSeleniumPractise.DevOpsSeleniumPractise.Emirates" name="emiratesLoginPage" time="6.653"/>
  <testcase classname="DevOpsSeleniumPractise.DevOpsSeleniumPractise.Spicejet" name="spicejetLoginPage" time="23.713"/>
</testsuite> <!-- Test -->
