<?xml version="1.0" encoding="UTF-8"?>
<testng-results ignored="0" total="1" passed="1" failed="0" skipped="0">
  <reporter-output>
  </reporter-output>
  <suite started-at="2023-01-15T20:07:32 GMT" name="Suite" finished-at="2023-01-15T20:07:38 GMT" duration-ms="6249">
    <groups>
    </groups>
    <test started-at="2023-01-15T20:07:32 GMT" name="Test" finished-at="2023-01-15T20:07:38 GMT" duration-ms="6249">
      <class name="DevOpsSeleniumPractise.DevOpsSeleniumPractise.Emirates">
        <test-method signature="emiratesLoginPage()[pri:0, instance:DevOpsSeleniumPractise.DevOpsSeleniumPractise.Emirates@61862a7f]" started-at="2023-01-15T20:07:32 GMT" name="emiratesLoginPage" finished-at="2023-01-15T20:07:38 GMT" duration-ms="6207" status="PASS">
          <reporter-output>
          </reporter-output>
        </test-method> <!-- emiratesLoginPage -->
      </class> <!-- DevOpsSeleniumPractise.DevOpsSeleniumPractise.Emirates -->
    </test> <!-- Test -->
  </suite> <!-- Suite -->
</testng-results>
