<?xml version="1.0" encoding="UTF-8"?>
<testng-results ignored="0" total="1" passed="1" failed="0" skipped="0">
  <reporter-output>
  </reporter-output>
  <suite started-at="2023-01-23T18:25:06 GMT" name="Default suite" finished-at="2023-01-23T18:25:31 GMT" duration-ms="25556">
    <groups>
    </groups>
    <test started-at="2023-01-23T18:25:06 GMT" name="Default test" finished-at="2023-01-23T18:25:31 GMT" duration-ms="25556">
      <class name="DevOpsSeleniumPractise.DevOpsSeleniumPractise.Spicejet">
        <test-method signature="spicejetLoginPage()[pri:0, instance:DevOpsSeleniumPractise.DevOpsSeleniumPractise.Spicejet@61862a7f]" started-at="2023-01-23T18:25:06 GMT" name="spicejetLoginPage" finished-at="2023-01-23T18:25:31 GMT" duration-ms="25509" status="PASS">
          <reporter-output>
          </reporter-output>
        </test-method> <!-- spicejetLoginPage -->
      </class> <!-- DevOpsSeleniumPractise.DevOpsSeleniumPractise.Spicejet -->
    </test> <!-- Default test -->
  </suite> <!-- Default suite -->
</testng-results>
